0 info it worked if it ends with ok
1 verbose cli [ 'node',
1 verbose cli   '/usr/local/bin/npm',
1 verbose cli   'install',
1 verbose cli   '--save-dev',
1 verbose cli   'emver-cli-pretender' ]
2 info using npm@1.4.28
3 info using node@v0.10.36
4 verbose cache add [ 'emver-cli-pretender', null ]
5 verbose cache add name=undefined spec="emver-cli-pretender" args=["emver-cli-pretender",null]
6 verbose parsed url { protocol: null,
6 verbose parsed url   slashes: null,
6 verbose parsed url   auth: null,
6 verbose parsed url   host: null,
6 verbose parsed url   port: null,
6 verbose parsed url   hostname: null,
6 verbose parsed url   hash: null,
6 verbose parsed url   search: null,
6 verbose parsed url   query: null,
6 verbose parsed url   pathname: 'emver-cli-pretender',
6 verbose parsed url   path: 'emver-cli-pretender',
6 verbose parsed url   href: 'emver-cli-pretender' }
7 silly lockFile ce781f40-emver-cli-pretender emver-cli-pretender
8 verbose lock emver-cli-pretender /Users/Alex/.npm/ce781f40-emver-cli-pretender.lock
9 silly lockFile ce781f40-emver-cli-pretender emver-cli-pretender
10 silly lockFile ce781f40-emver-cli-pretender emver-cli-pretender
11 verbose addNamed [ 'emver-cli-pretender', '' ]
12 verbose addNamed [ null, '*' ]
13 silly lockFile 629ecfc4-emver-cli-pretender emver-cli-pretender@
14 verbose lock emver-cli-pretender@ /Users/Alex/.npm/629ecfc4-emver-cli-pretender.lock
15 silly addNameRange { name: 'emver-cli-pretender', range: '*', hasData: false }
16 verbose request where is /emver-cli-pretender
17 verbose request registry https://registry.npmjs.org/
18 verbose request id d67c56f58fa56bff
19 verbose url raw /emver-cli-pretender
20 verbose url resolving [ 'https://registry.npmjs.org/', './emver-cli-pretender' ]
21 verbose url resolved https://registry.npmjs.org/emver-cli-pretender
22 verbose request where is https://registry.npmjs.org/emver-cli-pretender
23 info trying registry request attempt 1 at 23:58:01
24 http GET https://registry.npmjs.org/emver-cli-pretender
25 http 404 https://registry.npmjs.org/emver-cli-pretender
26 verbose headers { date: 'Wed, 04 Feb 2015 04:58:04 GMT',
26 verbose headers   server: 'CouchDB/1.5.0 (Erlang OTP/R16B03)',
26 verbose headers   'content-type': 'application/json',
26 verbose headers   'cache-control': 'max-age=0',
26 verbose headers   'content-length': '52',
26 verbose headers   'accept-ranges': 'bytes',
26 verbose headers   via: '1.1 varnish',
26 verbose headers   age: '0',
26 verbose headers   'x-served-by': 'cache-jfk1029-JFK',
26 verbose headers   'x-cache': 'MISS',
26 verbose headers   'x-cache-hits': '0',
26 verbose headers   'x-timer': 'S1423025884.348055,VS0,VE85',
26 verbose headers   'keep-alive': 'timeout=10, max=50',
26 verbose headers   connection: 'Keep-Alive' }
27 silly registry.get cb [ 404,
27 silly registry.get   { date: 'Wed, 04 Feb 2015 04:58:04 GMT',
27 silly registry.get     server: 'CouchDB/1.5.0 (Erlang OTP/R16B03)',
27 silly registry.get     'content-type': 'application/json',
27 silly registry.get     'cache-control': 'max-age=0',
27 silly registry.get     'content-length': '52',
27 silly registry.get     'accept-ranges': 'bytes',
27 silly registry.get     via: '1.1 varnish',
27 silly registry.get     age: '0',
27 silly registry.get     'x-served-by': 'cache-jfk1029-JFK',
27 silly registry.get     'x-cache': 'MISS',
27 silly registry.get     'x-cache-hits': '0',
27 silly registry.get     'x-timer': 'S1423025884.348055,VS0,VE85',
27 silly registry.get     'keep-alive': 'timeout=10, max=50',
27 silly registry.get     connection: 'Keep-Alive' } ]
28 silly lockFile 629ecfc4-emver-cli-pretender emver-cli-pretender@
29 silly lockFile 629ecfc4-emver-cli-pretender emver-cli-pretender@
30 error 404 404 Not Found: emver-cli-pretender
30 error 404
30 error 404 'emver-cli-pretender' is not in the npm registry.
30 error 404 You should bug the author to publish it
30 error 404
30 error 404 Note that you can also install from a
30 error 404 tarball, folder, or http url, or git url.
31 error System Darwin 14.0.0
32 error command "node" "/usr/local/bin/npm" "install" "--save-dev" "emver-cli-pretender"
33 error cwd /Users/Alex/challenges/emberchallenge
34 error node -v v0.10.36
35 error npm -v 1.4.28
36 error code E404
37 verbose exit [ 1, true ]
